<?xml version="1.0" encoding="UTF-8"?>
<testng-results skipped="0" failed="0" total="1" passed="1">
  <reporter-output>
  </reporter-output>
  <suite name="Example.NewTest" duration-ms="1302389" started-at="2017-10-02T15:22:52Z" finished-at="2017-10-02T15:44:35Z">
    <groups>
    </groups>
    <test name="Command line test" duration-ms="1302389" started-at="2017-10-02T15:22:52Z" finished-at="2017-10-02T15:44:35Z">
      <class name="Example.NewTest">
        <test-method status="PASS" signature="testEasy()[pri:0, instance:Example.NewTest@4cb2c100]" name="testEasy" duration-ms="1302345" started-at="2017-10-02T20:52:52Z" finished-at="2017-10-02T21:14:35Z">
          <reporter-output>
          </reporter-output>
        </test-method> <!-- testEasy -->
      </class> <!-- Example.NewTest -->
    </test> <!-- Command line test -->
  </suite> <!-- Example.NewTest -->
</testng-results>
